<?xml version="1.0" encoding="UTF-8"?>
<!-- Generated by org.testng.reporters.JUnitReportReporter -->
<testsuite hostname="LAP-TZD-5X44364" failures="0" tests="1" name="test.LoginTest" time="12.814" errors="0" timestamp="2022-03-25T13:26:46 IST" skipped="0">
  <testcase classname="test.LoginTest" name="loginTest" time="12.814"/>
  <system-out/>
</testsuite> <!-- test.LoginTest -->
