<?xml version="1.0" encoding="UTF-8"?>
<!-- Generated by org.testng.reporters.JUnitReportReporter -->
<testsuite hostname="LAP-TZD-5X44364" failures="0" tests="1" name="test.LoginTest" time="15.264" errors="0" timestamp="2022-03-25T10:55:26 IST" skipped="0">
  <testcase classname="test.LoginTest" name="loginTest" time="15.264"/>
  <system-out/>
</testsuite> <!-- test.LoginTest -->
